[2026-04-03 07:14:28,574] multiqc                                            [DEBUG  ]  This is MultiQC v1.12.dev0 (2f23759)
[2026-04-03 07:14:28,575] multiqc                                            [DEBUG  ]  No MultiQC config found: /home/shared/8TB_HDD_02/cnmntgna/wdfw_mussel_methylation/.multiqc_env/lib/python3.12/site-packages/multiqc_config.yaml
[2026-04-03 07:14:28,575] multiqc                                            [DEBUG  ]  No MultiQC config found: /home/shared/8TB_HDD_02/cnmntgna/.multiqc_config.yaml
[2026-04-03 07:14:28,575] multiqc                                            [DEBUG  ]  No MultiQC config found: multiqc_config.yaml
[2026-04-03 07:14:28,575] multiqc                                            [DEBUG  ]  Command used: ../.multiqc_env/bin/multiqc ../output/deduplicated
[2026-04-03 07:14:29,325] multiqc                                            [WARNING]  MultiQC Version v1.33 now available!
[2026-04-03 07:14:29,326] multiqc                                            [DEBUG  ]  Command     : ../.multiqc_env/bin/multiqc ../output/deduplicated
[2026-04-03 07:14:29,326] multiqc                                            [DEBUG  ]  Working dir : /home/shared/8TB_HDD_02/cnmntgna/wdfw_mussel_methylation/code
[2026-04-03 07:14:29,326] multiqc                                            [DEBUG  ]  Template    : default
[2026-04-03 07:14:29,326] multiqc                                            [DEBUG  ]  Running Python 3.12.3 (main, Mar  3 2026, 12:15:18) [GCC 13.3.0]
[2026-04-03 07:14:29,327] multiqc                                            [DEBUG  ]  Analysing modules: custom_content, ccs, ngsderive, purple, conpair, lima, peddy, somalier, methylQA, mosdepth, phantompeakqualtools, qualimap, preseq, quast, qorts, rna_seqc, rockhopper, rsem, rseqc, busco, bustools, goleft_indexcov, gffcompare, disambiguate, supernova, deeptools, sargasso, verifybamid, mirtrace, happy, mirtop, sambamba, homer, hops, macs2, theta2, snpeff, gatk, htseq, bcftools, featureCounts, fgbio, dragen, dedup, pbmarkdup, damageprofiler, biobambam2, jcvi, mtnucratio, picard, vep, sentieon, prokka, qc3C, nanostat, samblaster, samtools, sexdeterrmine, eigenstratdatabasetools, bamtools, jellyfish, vcftools, longranger, stacks, varscan2, snippy, bbmap, bismark, biscuit, hicexplorer, hicup, hicpro, salmon, kallisto, slamdunk, star, hisat2, tophat, bowtie2, bowtie1, snpsplit, odgi, pangolin, kat, leehom, adapterRemoval, clipandmerge, cutadapt, flexbar, kaiju, kraken, malt, trimmomatic, sickle, skewer, sortmerna, biobloomtools, fastq_screen, afterqc, fastp, fastqc, pychopper, pycoqc, minionqc, multivcfanalyzer, clusterflow, checkqc, bcl2fastq, bclconvert, interop, ivar, flash, seqyclean, optitype, whatshap
[2026-04-03 07:14:29,347] multiqc                                            [DEBUG  ]  Using temporary directory for creating report: /tmp/tmp8i_dq18h
[2026-04-03 07:14:29,586] multiqc                                            [INFO   ]  Search path : /home/shared/8TB_HDD_02/cnmntgna/wdfw_mussel_methylation/output/deduplicated
[2026-04-03 07:14:29,706] multiqc                                            [DEBUG  ]  File ignored by ccs/v4 because it exceeded search pattern filesize limit: 93M_R1.fastp-trim_dedup_stdout.log
[2026-04-03 07:14:29,708] multiqc                                            [DEBUG  ]  File ignored by hicexplorer because it exceeded search pattern filesize limit: 93M_R1.fastp-trim_dedup_stdout.log
[2026-04-03 07:14:29,709] multiqc                                            [DEBUG  ]  File ignored by lima/summary because it exceeded search pattern filesize limit: 93M_R1.fastp-trim_dedup_stdout.log
[2026-04-03 07:14:29,713] multiqc                                            [DEBUG  ]  File ignored by vep/vep_html because it exceeded search pattern filesize limit: 93M_R1.fastp-trim_dedup_stdout.log
[2026-04-03 07:14:29,713] multiqc                                            [DEBUG  ]  File ignored by vep/vep_txt because it exceeded search pattern filesize limit: 93M_R1.fastp-trim_dedup_stdout.log
[2026-04-03 07:14:29,714] multiqc                                            [DEBUG  ]  File ignored by longranger/invocation because it exceeded search pattern filesize limit: 93M_R1.fastp-trim_dedup_stdout.log
[2026-04-03 07:14:29,714] multiqc                                            [DEBUG  ]  File ignored by rockhopper because it exceeded search pattern filesize limit: 93M_R1.fastp-trim_dedup_stdout.log
[2026-04-03 07:14:29,714] multiqc                                            [DEBUG  ]  File ignored by rseqc/bam_stat because it exceeded search pattern filesize limit: 93M_R1.fastp-trim_dedup_stdout.log
[2026-04-03 07:14:29,714] multiqc                                            [DEBUG  ]  File ignored by rseqc/junction_annotation because it exceeded search pattern filesize limit: 93M_R1.fastp-trim_dedup_stdout.log
[2026-04-03 07:14:29,714] multiqc                                            [DEBUG  ]  File ignored by rseqc/read_distribution because it exceeded search pattern filesize limit: 93M_R1.fastp-trim_dedup_stdout.log
[2026-04-03 07:14:29,714] multiqc                                            [DEBUG  ]  File ignored by rseqc/infer_experiment because it exceeded search pattern filesize limit: 93M_R1.fastp-trim_dedup_stdout.log
[2026-04-03 07:14:29,714] multiqc                                            [DEBUG  ]  File ignored by snpeff because it exceeded search pattern filesize limit: 93M_R1.fastp-trim_dedup_stdout.log
[2026-04-03 07:14:29,714] multiqc                                            [DEBUG  ]  File ignored by stacks/sumstats because it exceeded search pattern filesize limit: 93M_R1.fastp-trim_dedup_stdout.log
[2026-04-03 07:14:30,984] multiqc                                            [DEBUG  ]  File ignored by nanostat because it exceeded search pattern filesize limit: 93M_R1.fastp-trim_dedup_stdout.log
[2026-04-03 07:14:31,055] multiqc                                            [DEBUG  ]  Ignoring file as matched an ignore pattern: 93M_R1.fastp-trim_bismark_bt2_pe_dedup.sorted.bam.bai
[2026-04-03 07:14:31,059] multiqc                                            [DEBUG  ]  Ignoring file as matched an ignore pattern: 107M_R1.fastp-trim_bismark_bt2_pe.deduplicated.bam
[2026-04-03 07:14:31,059] multiqc                                            [DEBUG  ]  Ignoring file as matched an ignore pattern: 109M_R1.fastp-trim_bismark_bt2_pe_dedup.sorted.bam.bai
[2026-04-03 07:14:31,059] multiqc                                            [DEBUG  ]  Ignoring file as matched an ignore pattern: 71M_R1.fastp-trim_bismark_bt2_pe.deduplicated.bam
[2026-04-03 07:14:31,071] multiqc                                            [DEBUG  ]  File ignored by ccs/v4 because it exceeded search pattern filesize limit: 272M_R1.fastp-trim_dedup_stderr.log
[2026-04-03 07:14:31,073] multiqc                                            [DEBUG  ]  File ignored by lima/summary because it exceeded search pattern filesize limit: 272M_R1.fastp-trim_dedup_stderr.log
[2026-04-03 07:14:31,082] multiqc                                            [DEBUG  ]  Ignoring file as matched an ignore pattern: 70M_R1.fastp-trim_bismark_bt2_pe_dedup.sorted.bam.bai
[2026-04-03 07:14:31,083] multiqc                                            [DEBUG  ]  Ignoring file as matched an ignore pattern: 239M_R1.fastp-trim_bismark_bt2_pe_dedup.sorted.bam.bai
[2026-04-03 07:14:31,083] multiqc                                            [DEBUG  ]  Ignoring file as matched an ignore pattern: 106M_R1.fastp-trim_bismark_bt2_pe.deduplicated.bam
[2026-04-03 07:14:31,083] multiqc                                            [DEBUG  ]  Ignoring file as matched an ignore pattern: 239M_R1.fastp-trim_bismark_bt2_pe_dedup.sorted.bam
[2026-04-03 07:14:31,083] multiqc                                            [DEBUG  ]  Ignoring file as matched an ignore pattern: 92M_R1.fastp-trim_bismark_bt2_pe_dedup.sorted.bam.bai
[2026-04-03 07:14:31,083] multiqc                                            [DEBUG  ]  Ignoring file as matched an ignore pattern: 78M_R1.fastp-trim_bismark_bt2_pe_dedup.sorted.bam
[2026-04-03 07:14:31,108] multiqc                                            [DEBUG  ]  File ignored by ccs/v4 because it exceeded search pattern filesize limit: 69M_R1.fastp-trim_dedup_stdout.log
[2026-04-03 07:14:31,109] multiqc                                            [DEBUG  ]  File ignored by hicexplorer because it exceeded search pattern filesize limit: 69M_R1.fastp-trim_dedup_stdout.log
[2026-04-03 07:14:31,110] multiqc                                            [DEBUG  ]  File ignored by lima/summary because it exceeded search pattern filesize limit: 69M_R1.fastp-trim_dedup_stdout.log
[2026-04-03 07:14:31,113] multiqc                                            [DEBUG  ]  File ignored by vep/vep_html because it exceeded search pattern filesize limit: 69M_R1.fastp-trim_dedup_stdout.log
[2026-04-03 07:14:31,113] multiqc                                            [DEBUG  ]  File ignored by vep/vep_txt because it exceeded search pattern filesize limit: 69M_R1.fastp-trim_dedup_stdout.log
[2026-04-03 07:14:31,113] multiqc                                            [DEBUG  ]  File ignored by longranger/invocation because it exceeded search pattern filesize limit: 69M_R1.fastp-trim_dedup_stdout.log
[2026-04-03 07:14:31,113] multiqc                                            [DEBUG  ]  File ignored by rockhopper because it exceeded search pattern filesize limit: 69M_R1.fastp-trim_dedup_stdout.log
[2026-04-03 07:14:31,113] multiqc                                            [DEBUG  ]  File ignored by rseqc/bam_stat because it exceeded search pattern filesize limit: 69M_R1.fastp-trim_dedup_stdout.log
[2026-04-03 07:14:31,113] multiqc                                            [DEBUG  ]  File ignored by rseqc/junction_annotation because it exceeded search pattern filesize limit: 69M_R1.fastp-trim_dedup_stdout.log
[2026-04-03 07:14:31,113] multiqc                                            [DEBUG  ]  File ignored by rseqc/read_distribution because it exceeded search pattern filesize limit: 69M_R1.fastp-trim_dedup_stdout.log
[2026-04-03 07:14:31,114] multiqc                                            [DEBUG  ]  File ignored by rseqc/infer_experiment because it exceeded search pattern filesize limit: 69M_R1.fastp-trim_dedup_stdout.log
[2026-04-03 07:14:31,114] multiqc                                            [DEBUG  ]  File ignored by snpeff because it exceeded search pattern filesize limit: 69M_R1.fastp-trim_dedup_stdout.log
[2026-04-03 07:14:31,114] multiqc                                            [DEBUG  ]  File ignored by stacks/sumstats because it exceeded search pattern filesize limit: 69M_R1.fastp-trim_dedup_stdout.log
[2026-04-03 07:14:32,405] multiqc                                            [DEBUG  ]  File ignored by nanostat because it exceeded search pattern filesize limit: 69M_R1.fastp-trim_dedup_stdout.log
[2026-04-03 07:14:32,481] multiqc                                            [DEBUG  ]  File ignored by ccs/v4 because it exceeded search pattern filesize limit: 78M_R1.fastp-trim_dedup_stderr.log
[2026-04-03 07:14:32,482] multiqc                                            [DEBUG  ]  File ignored by lima/summary because it exceeded search pattern filesize limit: 78M_R1.fastp-trim_dedup_stderr.log
[2026-04-03 07:14:32,484] multiqc                                            [DEBUG  ]  Ignoring file as matched an ignore pattern: 80M_R1.fastp-trim_bismark_bt2_pe.deduplicated.bam
[2026-04-03 07:14:32,484] multiqc                                            [DEBUG  ]  Ignoring file as matched an ignore pattern: 272M_R1.fastp-trim_bismark_bt2_pe_dedup.sorted.bam.bai
[2026-04-03 07:14:32,484] multiqc                                            [DEBUG  ]  Ignoring file as matched an ignore pattern: 72M_R1.fastp-trim_bismark_bt2_pe_dedup.sorted.bam.bai
[2026-04-03 07:14:32,507] multiqc                                            [DEBUG  ]  File ignored by ccs/v4 because it exceeded search pattern filesize limit: 271M_R1.fastp-trim_dedup_stderr.log
[2026-04-03 07:14:32,507] multiqc                                            [DEBUG  ]  File ignored by lima/summary because it exceeded search pattern filesize limit: 271M_R1.fastp-trim_dedup_stderr.log
[2026-04-03 07:14:32,533] multiqc                                            [DEBUG  ]  File ignored by ccs/v4 because it exceeded search pattern filesize limit: 94M_R1.fastp-trim_dedup_stdout.log
[2026-04-03 07:14:32,534] multiqc                                            [DEBUG  ]  File ignored by hicexplorer because it exceeded search pattern filesize limit: 94M_R1.fastp-trim_dedup_stdout.log
[2026-04-03 07:14:32,534] multiqc                                            [DEBUG  ]  File ignored by lima/summary because it exceeded search pattern filesize limit: 94M_R1.fastp-trim_dedup_stdout.log
[2026-04-03 07:14:32,537] multiqc                                            [DEBUG  ]  File ignored by vep/vep_html because it exceeded search pattern filesize limit: 94M_R1.fastp-trim_dedup_stdout.log
[2026-04-03 07:14:32,537] multiqc                                            [DEBUG  ]  File ignored by vep/vep_txt because it exceeded search pattern filesize limit: 94M_R1.fastp-trim_dedup_stdout.log
[2026-04-03 07:14:32,537] multiqc                                            [DEBUG  ]  File ignored by longranger/invocation because it exceeded search pattern filesize limit: 94M_R1.fastp-trim_dedup_stdout.log
[2026-04-03 07:14:32,537] multiqc                                            [DEBUG  ]  File ignored by rockhopper because it exceeded search pattern filesize limit: 94M_R1.fastp-trim_dedup_stdout.log
[2026-04-03 07:14:32,538] multiqc                                            [DEBUG  ]  File ignored by rseqc/bam_stat because it exceeded search pattern filesize limit: 94M_R1.fastp-trim_dedup_stdout.log
[2026-04-03 07:14:32,538] multiqc                                            [DEBUG  ]  File ignored by rseqc/junction_annotation because it exceeded search pattern filesize limit: 94M_R1.fastp-trim_dedup_stdout.log
[2026-04-03 07:14:32,538] multiqc                                            [DEBUG  ]  File ignored by rseqc/read_distribution because it exceeded search pattern filesize limit: 94M_R1.fastp-trim_dedup_stdout.log
[2026-04-03 07:14:32,538] multiqc                                            [DEBUG  ]  File ignored by rseqc/infer_experiment because it exceeded search pattern filesize limit: 94M_R1.fastp-trim_dedup_stdout.log
[2026-04-03 07:14:32,538] multiqc                                            [DEBUG  ]  File ignored by snpeff because it exceeded search pattern filesize limit: 94M_R1.fastp-trim_dedup_stdout.log
[2026-04-03 07:14:32,538] multiqc                                            [DEBUG  ]  File ignored by stacks/sumstats because it exceeded search pattern filesize limit: 94M_R1.fastp-trim_dedup_stdout.log
[2026-04-03 07:14:33,819] multiqc                                            [DEBUG  ]  File ignored by nanostat because it exceeded search pattern filesize limit: 94M_R1.fastp-trim_dedup_stdout.log
[2026-04-03 07:14:33,898] multiqc                                            [DEBUG  ]  Ignoring file as matched an ignore pattern: 270M_R1.fastp-trim_bismark_bt2_pe_dedup.sorted.bam
[2026-04-03 07:14:33,915] multiqc                                            [DEBUG  ]  File ignored by ccs/v4 because it exceeded search pattern filesize limit: 105M_R1.fastp-trim_dedup_stderr.log
[2026-04-03 07:14:33,916] multiqc                                            [DEBUG  ]  File ignored by lima/summary because it exceeded search pattern filesize limit: 105M_R1.fastp-trim_dedup_stderr.log
[2026-04-03 07:14:33,946] multiqc                                            [DEBUG  ]  File ignored by ccs/v4 because it exceeded search pattern filesize limit: 269M_R1.fastp-trim_dedup_stdout.log
[2026-04-03 07:14:33,947] multiqc                                            [DEBUG  ]  File ignored by hicexplorer because it exceeded search pattern filesize limit: 269M_R1.fastp-trim_dedup_stdout.log
[2026-04-03 07:14:33,947] multiqc                                            [DEBUG  ]  File ignored by lima/summary because it exceeded search pattern filesize limit: 269M_R1.fastp-trim_dedup_stdout.log
[2026-04-03 07:14:33,949] multiqc                                            [DEBUG  ]  File ignored by vep/vep_html because it exceeded search pattern filesize limit: 269M_R1.fastp-trim_dedup_stdout.log
[2026-04-03 07:14:33,949] multiqc                                            [DEBUG  ]  File ignored by vep/vep_txt because it exceeded search pattern filesize limit: 269M_R1.fastp-trim_dedup_stdout.log
[2026-04-03 07:14:33,950] multiqc                                            [DEBUG  ]  File ignored by longranger/invocation because it exceeded search pattern filesize limit: 269M_R1.fastp-trim_dedup_stdout.log
[2026-04-03 07:14:33,950] multiqc                                            [DEBUG  ]  File ignored by rockhopper because it exceeded search pattern filesize limit: 269M_R1.fastp-trim_dedup_stdout.log
[2026-04-03 07:14:33,950] multiqc                                            [DEBUG  ]  File ignored by rseqc/bam_stat because it exceeded search pattern filesize limit: 269M_R1.fastp-trim_dedup_stdout.log
[2026-04-03 07:14:33,950] multiqc                                            [DEBUG  ]  File ignored by rseqc/junction_annotation because it exceeded search pattern filesize limit: 269M_R1.fastp-trim_dedup_stdout.log
[2026-04-03 07:14:33,950] multiqc                                            [DEBUG  ]  File ignored by rseqc/read_distribution because it exceeded search pattern filesize limit: 269M_R1.fastp-trim_dedup_stdout.log
[2026-04-03 07:14:33,950] multiqc                                            [DEBUG  ]  File ignored by rseqc/infer_experiment because it exceeded search pattern filesize limit: 269M_R1.fastp-trim_dedup_stdout.log
[2026-04-03 07:14:33,950] multiqc                                            [DEBUG  ]  File ignored by snpeff because it exceeded search pattern filesize limit: 269M_R1.fastp-trim_dedup_stdout.log
[2026-04-03 07:14:33,950] multiqc                                            [DEBUG  ]  File ignored by stacks/sumstats because it exceeded search pattern filesize limit: 269M_R1.fastp-trim_dedup_stdout.log
[2026-04-03 07:14:35,237] multiqc                                            [DEBUG  ]  File ignored by nanostat because it exceeded search pattern filesize limit: 269M_R1.fastp-trim_dedup_stdout.log
[2026-04-03 07:14:35,304] multiqc                                            [DEBUG  ]  Ignoring file as matched an ignore pattern: 95M_R1.fastp-trim_bismark_bt2_pe_dedup.sorted.bam.bai
[2026-04-03 07:14:35,304] multiqc                                            [DEBUG  ]  Ignoring file as matched an ignore pattern: 105M_R1.fastp-trim_bismark_bt2_pe_dedup.sorted.bam.bai
[2026-04-03 07:14:35,340] multiqc                                            [DEBUG  ]  File ignored by ccs/v4 because it exceeded search pattern filesize limit: 79M_R1.fastp-trim_dedup_stderr.log
[2026-04-03 07:14:35,342] multiqc                                            [DEBUG  ]  File ignored by lima/summary because it exceeded search pattern filesize limit: 79M_R1.fastp-trim_dedup_stderr.log
[2026-04-03 07:14:35,361] multiqc                                            [DEBUG  ]  File ignored by ccs/v4 because it exceeded search pattern filesize limit: 80M_R1.fastp-trim_dedup_stderr.log
[2026-04-03 07:14:35,362] multiqc                                            [DEBUG  ]  File ignored by lima/summary because it exceeded search pattern filesize limit: 80M_R1.fastp-trim_dedup_stderr.log
[2026-04-03 07:14:35,378] multiqc                                            [DEBUG  ]  File ignored by ccs/v4 because it exceeded search pattern filesize limit: 95M_R1.fastp-trim_dedup_stderr.log
[2026-04-03 07:14:35,380] multiqc                                            [DEBUG  ]  File ignored by lima/summary because it exceeded search pattern filesize limit: 95M_R1.fastp-trim_dedup_stderr.log
[2026-04-03 07:14:35,388] multiqc                                            [DEBUG  ]  Ignoring file as matched an ignore pattern: 241M_R1.fastp-trim_bismark_bt2_pe.deduplicated.bam
[2026-04-03 07:14:35,388] multiqc                                            [DEBUG  ]  Ignoring file as matched an ignore pattern: 240M_R1.fastp-trim_bismark_bt2_pe.deduplicated.bam
[2026-04-03 07:14:35,391] multiqc                                            [DEBUG  ]  File ignored by ccs/v4 because it exceeded search pattern filesize limit: 93M_R1.fastp-trim_dedup_stderr.log
[2026-04-03 07:14:35,392] multiqc                                            [DEBUG  ]  File ignored by lima/summary because it exceeded search pattern filesize limit: 93M_R1.fastp-trim_dedup_stderr.log
[2026-04-03 07:14:35,426] multiqc                                            [DEBUG  ]  File ignored by ccs/v4 because it exceeded search pattern filesize limit: 106M_R1.fastp-trim_dedup_stdout.log
[2026-04-03 07:14:35,427] multiqc                                            [DEBUG  ]  File ignored by hicexplorer because it exceeded search pattern filesize limit: 106M_R1.fastp-trim_dedup_stdout.log
[2026-04-03 07:14:35,427] multiqc                                            [DEBUG  ]  File ignored by lima/summary because it exceeded search pattern filesize limit: 106M_R1.fastp-trim_dedup_stdout.log
[2026-04-03 07:14:35,429] multiqc                                            [DEBUG  ]  File ignored by vep/vep_html because it exceeded search pattern filesize limit: 106M_R1.fastp-trim_dedup_stdout.log
[2026-04-03 07:14:35,429] multiqc                                            [DEBUG  ]  File ignored by vep/vep_txt because it exceeded search pattern filesize limit: 106M_R1.fastp-trim_dedup_stdout.log
[2026-04-03 07:14:35,429] multiqc                                            [DEBUG  ]  File ignored by longranger/invocation because it exceeded search pattern filesize limit: 106M_R1.fastp-trim_dedup_stdout.log
[2026-04-03 07:14:35,429] multiqc                                            [DEBUG  ]  File ignored by rockhopper because it exceeded search pattern filesize limit: 106M_R1.fastp-trim_dedup_stdout.log
[2026-04-03 07:14:35,429] multiqc                                            [DEBUG  ]  File ignored by rseqc/bam_stat because it exceeded search pattern filesize limit: 106M_R1.fastp-trim_dedup_stdout.log
[2026-04-03 07:14:35,429] multiqc                                            [DEBUG  ]  File ignored by rseqc/junction_annotation because it exceeded search pattern filesize limit: 106M_R1.fastp-trim_dedup_stdout.log
[2026-04-03 07:14:35,429] multiqc                                            [DEBUG  ]  File ignored by rseqc/read_distribution because it exceeded search pattern filesize limit: 106M_R1.fastp-trim_dedup_stdout.log
[2026-04-03 07:14:35,429] multiqc                                            [DEBUG  ]  File ignored by rseqc/infer_experiment because it exceeded search pattern filesize limit: 106M_R1.fastp-trim_dedup_stdout.log
[2026-04-03 07:14:35,429] multiqc                                            [DEBUG  ]  File ignored by snpeff because it exceeded search pattern filesize limit: 106M_R1.fastp-trim_dedup_stdout.log
[2026-04-03 07:14:35,429] multiqc                                            [DEBUG  ]  File ignored by stacks/sumstats because it exceeded search pattern filesize limit: 106M_R1.fastp-trim_dedup_stdout.log
[2026-04-03 07:14:36,745] multiqc                                            [DEBUG  ]  File ignored by nanostat because it exceeded search pattern filesize limit: 106M_R1.fastp-trim_dedup_stdout.log
[2026-04-03 07:14:36,825] multiqc                                            [DEBUG  ]  File ignored by ccs/v4 because it exceeded search pattern filesize limit: 70M_R1.fastp-trim_dedup_stderr.log
[2026-04-03 07:14:36,825] multiqc                                            [DEBUG  ]  File ignored by lima/summary because it exceeded search pattern filesize limit: 70M_R1.fastp-trim_dedup_stderr.log
[2026-04-03 07:14:36,828] multiqc                                            [DEBUG  ]  Ignoring file as matched an ignore pattern: 71M_R1.fastp-trim_bismark_bt2_pe_dedup.sorted.bam.bai
[2026-04-03 07:14:36,845] multiqc                                            [DEBUG  ]  File ignored by ccs/v4 because it exceeded search pattern filesize limit: 71M_R1.fastp-trim_dedup_stdout.log
[2026-04-03 07:14:36,846] multiqc                                            [DEBUG  ]  File ignored by hicexplorer because it exceeded search pattern filesize limit: 71M_R1.fastp-trim_dedup_stdout.log
[2026-04-03 07:14:36,846] multiqc                                            [DEBUG  ]  File ignored by lima/summary because it exceeded search pattern filesize limit: 71M_R1.fastp-trim_dedup_stdout.log
[2026-04-03 07:14:36,847] multiqc                                            [DEBUG  ]  File ignored by vep/vep_html because it exceeded search pattern filesize limit: 71M_R1.fastp-trim_dedup_stdout.log
[2026-04-03 07:14:36,847] multiqc                                            [DEBUG  ]  File ignored by vep/vep_txt because it exceeded search pattern filesize limit: 71M_R1.fastp-trim_dedup_stdout.log
[2026-04-03 07:14:36,847] multiqc                                            [DEBUG  ]  File ignored by longranger/invocation because it exceeded search pattern filesize limit: 71M_R1.fastp-trim_dedup_stdout.log
[2026-04-03 07:14:36,847] multiqc                                            [DEBUG  ]  File ignored by rockhopper because it exceeded search pattern filesize limit: 71M_R1.fastp-trim_dedup_stdout.log
[2026-04-03 07:14:36,847] multiqc                                            [DEBUG  ]  File ignored by rseqc/bam_stat because it exceeded search pattern filesize limit: 71M_R1.fastp-trim_dedup_stdout.log
[2026-04-03 07:14:36,847] multiqc                                            [DEBUG  ]  File ignored by rseqc/junction_annotation because it exceeded search pattern filesize limit: 71M_R1.fastp-trim_dedup_stdout.log
[2026-04-03 07:14:36,847] multiqc                                            [DEBUG  ]  File ignored by rseqc/read_distribution because it exceeded search pattern filesize limit: 71M_R1.fastp-trim_dedup_stdout.log
[2026-04-03 07:14:36,847] multiqc                                            [DEBUG  ]  File ignored by rseqc/infer_experiment because it exceeded search pattern filesize limit: 71M_R1.fastp-trim_dedup_stdout.log
[2026-04-03 07:14:36,847] multiqc                                            [DEBUG  ]  File ignored by snpeff because it exceeded search pattern filesize limit: 71M_R1.fastp-trim_dedup_stdout.log
[2026-04-03 07:14:36,847] multiqc                                            [DEBUG  ]  File ignored by stacks/sumstats because it exceeded search pattern filesize limit: 71M_R1.fastp-trim_dedup_stdout.log
[2026-04-03 07:14:38,112] multiqc                                            [DEBUG  ]  File ignored by nanostat because it exceeded search pattern filesize limit: 71M_R1.fastp-trim_dedup_stdout.log
[2026-04-03 07:14:38,181] multiqc                                            [DEBUG  ]  Ignoring file as matched an ignore pattern: 270M_R1.fastp-trim_bismark_bt2_pe.deduplicated.bam
[2026-04-03 07:14:38,202] multiqc                                            [DEBUG  ]  File ignored by ccs/v4 because it exceeded search pattern filesize limit: 71M_R1.fastp-trim_dedup_stderr.log
[2026-04-03 07:14:38,202] multiqc                                            [DEBUG  ]  File ignored by lima/summary because it exceeded search pattern filesize limit: 71M_R1.fastp-trim_dedup_stderr.log
[2026-04-03 07:14:38,206] multiqc                                            [DEBUG  ]  Ignoring file as matched an ignore pattern: 269M_R1.fastp-trim_bismark_bt2_pe.deduplicated.bam
[2026-04-03 07:14:38,229] multiqc                                            [DEBUG  ]  File ignored by ccs/v4 because it exceeded search pattern filesize limit: 92M_R1.fastp-trim_dedup_stdout.log
[2026-04-03 07:14:38,231] multiqc                                            [DEBUG  ]  File ignored by hicexplorer because it exceeded search pattern filesize limit: 92M_R1.fastp-trim_dedup_stdout.log
[2026-04-03 07:14:38,231] multiqc                                            [DEBUG  ]  File ignored by lima/summary because it exceeded search pattern filesize limit: 92M_R1.fastp-trim_dedup_stdout.log
[2026-04-03 07:14:38,234] multiqc                                            [DEBUG  ]  File ignored by vep/vep_html because it exceeded search pattern filesize limit: 92M_R1.fastp-trim_dedup_stdout.log
[2026-04-03 07:14:38,234] multiqc                                            [DEBUG  ]  File ignored by vep/vep_txt because it exceeded search pattern filesize limit: 92M_R1.fastp-trim_dedup_stdout.log
[2026-04-03 07:14:38,234] multiqc                                            [DEBUG  ]  File ignored by longranger/invocation because it exceeded search pattern filesize limit: 92M_R1.fastp-trim_dedup_stdout.log
[2026-04-03 07:14:38,234] multiqc                                            [DEBUG  ]  File ignored by rockhopper because it exceeded search pattern filesize limit: 92M_R1.fastp-trim_dedup_stdout.log
[2026-04-03 07:14:38,234] multiqc                                            [DEBUG  ]  File ignored by rseqc/bam_stat because it exceeded search pattern filesize limit: 92M_R1.fastp-trim_dedup_stdout.log
[2026-04-03 07:14:38,234] multiqc                                            [DEBUG  ]  File ignored by rseqc/junction_annotation because it exceeded search pattern filesize limit: 92M_R1.fastp-trim_dedup_stdout.log
[2026-04-03 07:14:38,234] multiqc                                            [DEBUG  ]  File ignored by rseqc/read_distribution because it exceeded search pattern filesize limit: 92M_R1.fastp-trim_dedup_stdout.log
[2026-04-03 07:14:38,234] multiqc                                            [DEBUG  ]  File ignored by rseqc/infer_experiment because it exceeded search pattern filesize limit: 92M_R1.fastp-trim_dedup_stdout.log
[2026-04-03 07:14:38,235] multiqc                                            [DEBUG  ]  File ignored by snpeff because it exceeded search pattern filesize limit: 92M_R1.fastp-trim_dedup_stdout.log
[2026-04-03 07:14:38,235] multiqc                                            [DEBUG  ]  File ignored by stacks/sumstats because it exceeded search pattern filesize limit: 92M_R1.fastp-trim_dedup_stdout.log
[2026-04-03 07:14:39,509] multiqc                                            [DEBUG  ]  File ignored by nanostat because it exceeded search pattern filesize limit: 92M_R1.fastp-trim_dedup_stdout.log
[2026-04-03 07:14:39,597] multiqc                                            [DEBUG  ]  File ignored by ccs/v4 because it exceeded search pattern filesize limit: 94M_R1.fastp-trim_dedup_stderr.log
[2026-04-03 07:14:39,598] multiqc                                            [DEBUG  ]  File ignored by lima/summary because it exceeded search pattern filesize limit: 94M_R1.fastp-trim_dedup_stderr.log
[2026-04-03 07:14:39,603] multiqc                                            [DEBUG  ]  Ignoring file as matched an ignore pattern: 106M_R1.fastp-trim_bismark_bt2_pe_dedup.sorted.bam
[2026-04-03 07:14:39,622] multiqc                                            [DEBUG  ]  File ignored by ccs/v4 because it exceeded search pattern filesize limit: 242M_R1.fastp-trim_dedup_stderr.log
[2026-04-03 07:14:39,623] multiqc                                            [DEBUG  ]  File ignored by lima/summary because it exceeded search pattern filesize limit: 242M_R1.fastp-trim_dedup_stderr.log
[2026-04-03 07:14:39,630] multiqc                                            [DEBUG  ]  Ignoring file as matched an ignore pattern: 109M_R1.fastp-trim_bismark_bt2_pe_dedup.sorted.bam
[2026-04-03 07:14:39,630] multiqc                                            [DEBUG  ]  Ignoring file as matched an ignore pattern: 79M_R1.fastp-trim_bismark_bt2_pe_dedup.sorted.bam.bai
[2026-04-03 07:14:39,630] multiqc                                            [DEBUG  ]  Ignoring file as matched an ignore pattern: 93M_R1.fastp-trim_bismark_bt2_pe_dedup.sorted.bam
[2026-04-03 07:14:39,641] multiqc                                            [DEBUG  ]  File ignored by ccs/v4 because it exceeded search pattern filesize limit: 106M_R1.fastp-trim_dedup_stderr.log
[2026-04-03 07:14:39,643] multiqc                                            [DEBUG  ]  File ignored by lima/summary because it exceeded search pattern filesize limit: 106M_R1.fastp-trim_dedup_stderr.log
[2026-04-03 07:14:39,676] multiqc                                            [DEBUG  ]  File ignored by ccs/v4 because it exceeded search pattern filesize limit: 72M_R1.fastp-trim_dedup_stdout.log
[2026-04-03 07:14:39,677] multiqc                                            [DEBUG  ]  File ignored by hicexplorer because it exceeded search pattern filesize limit: 72M_R1.fastp-trim_dedup_stdout.log
[2026-04-03 07:14:39,678] multiqc                                            [DEBUG  ]  File ignored by lima/summary because it exceeded search pattern filesize limit: 72M_R1.fastp-trim_dedup_stdout.log
[2026-04-03 07:14:39,681] multiqc                                            [DEBUG  ]  File ignored by vep/vep_html because it exceeded search pattern filesize limit: 72M_R1.fastp-trim_dedup_stdout.log
[2026-04-03 07:14:39,681] multiqc                                            [DEBUG  ]  File ignored by vep/vep_txt because it exceeded search pattern filesize limit: 72M_R1.fastp-trim_dedup_stdout.log
[2026-04-03 07:14:39,681] multiqc                                            [DEBUG  ]  File ignored by longranger/invocation because it exceeded search pattern filesize limit: 72M_R1.fastp-trim_dedup_stdout.log
[2026-04-03 07:14:39,681] multiqc                                            [DEBUG  ]  File ignored by rockhopper because it exceeded search pattern filesize limit: 72M_R1.fastp-trim_dedup_stdout.log
[2026-04-03 07:14:39,681] multiqc                                            [DEBUG  ]  File ignored by rseqc/bam_stat because it exceeded search pattern filesize limit: 72M_R1.fastp-trim_dedup_stdout.log
[2026-04-03 07:14:39,681] multiqc                                            [DEBUG  ]  File ignored by rseqc/junction_annotation because it exceeded search pattern filesize limit: 72M_R1.fastp-trim_dedup_stdout.log
[2026-04-03 07:14:39,681] multiqc                                            [DEBUG  ]  File ignored by rseqc/read_distribution because it exceeded search pattern filesize limit: 72M_R1.fastp-trim_dedup_stdout.log
[2026-04-03 07:14:39,682] multiqc                                            [DEBUG  ]  File ignored by rseqc/infer_experiment because it exceeded search pattern filesize limit: 72M_R1.fastp-trim_dedup_stdout.log
[2026-04-03 07:14:39,682] multiqc                                            [DEBUG  ]  File ignored by snpeff because it exceeded search pattern filesize limit: 72M_R1.fastp-trim_dedup_stdout.log
[2026-04-03 07:14:39,682] multiqc                                            [DEBUG  ]  File ignored by stacks/sumstats because it exceeded search pattern filesize limit: 72M_R1.fastp-trim_dedup_stdout.log
[2026-04-03 07:14:40,954] multiqc                                            [DEBUG  ]  File ignored by nanostat because it exceeded search pattern filesize limit: 72M_R1.fastp-trim_dedup_stdout.log
[2026-04-03 07:14:41,030] multiqc                                            [DEBUG  ]  Ignoring file as matched an ignore pattern: 81M_R1.fastp-trim_bismark_bt2_pe_dedup.sorted.bam.bai
[2026-04-03 07:14:41,056] multiqc                                            [DEBUG  ]  File ignored by ccs/v4 because it exceeded search pattern filesize limit: 72M_R1.fastp-trim_dedup_stderr.log
[2026-04-03 07:14:41,057] multiqc                                            [DEBUG  ]  File ignored by lima/summary because it exceeded search pattern filesize limit: 72M_R1.fastp-trim_dedup_stderr.log
[2026-04-03 07:14:41,069] multiqc                                            [DEBUG  ]  File ignored by ccs/v4 because it exceeded search pattern filesize limit: 240M_R1.fastp-trim_dedup_stderr.log
[2026-04-03 07:14:41,070] multiqc                                            [DEBUG  ]  File ignored by lima/summary because it exceeded search pattern filesize limit: 240M_R1.fastp-trim_dedup_stderr.log
[2026-04-03 07:14:41,094] multiqc                                            [DEBUG  ]  File ignored by ccs/v4 because it exceeded search pattern filesize limit: 271M_R1.fastp-trim_dedup_stdout.log
[2026-04-03 07:14:41,095] multiqc                                            [DEBUG  ]  File ignored by hicexplorer because it exceeded search pattern filesize limit: 271M_R1.fastp-trim_dedup_stdout.log
[2026-04-03 07:14:41,096] multiqc                                            [DEBUG  ]  File ignored by lima/summary because it exceeded search pattern filesize limit: 271M_R1.fastp-trim_dedup_stdout.log
[2026-04-03 07:14:41,099] multiqc                                            [DEBUG  ]  File ignored by vep/vep_html because it exceeded search pattern filesize limit: 271M_R1.fastp-trim_dedup_stdout.log
[2026-04-03 07:14:41,099] multiqc                                            [DEBUG  ]  File ignored by vep/vep_txt because it exceeded search pattern filesize limit: 271M_R1.fastp-trim_dedup_stdout.log
[2026-04-03 07:14:41,099] multiqc                                            [DEBUG  ]  File ignored by longranger/invocation because it exceeded search pattern filesize limit: 271M_R1.fastp-trim_dedup_stdout.log
[2026-04-03 07:14:41,099] multiqc                                            [DEBUG  ]  File ignored by rockhopper because it exceeded search pattern filesize limit: 271M_R1.fastp-trim_dedup_stdout.log
[2026-04-03 07:14:41,099] multiqc                                            [DEBUG  ]  File ignored by rseqc/bam_stat because it exceeded search pattern filesize limit: 271M_R1.fastp-trim_dedup_stdout.log
[2026-04-03 07:14:41,099] multiqc                                            [DEBUG  ]  File ignored by rseqc/junction_annotation because it exceeded search pattern filesize limit: 271M_R1.fastp-trim_dedup_stdout.log
[2026-04-03 07:14:41,099] multiqc                                            [DEBUG  ]  File ignored by rseqc/read_distribution because it exceeded search pattern filesize limit: 271M_R1.fastp-trim_dedup_stdout.log
[2026-04-03 07:14:41,099] multiqc                                            [DEBUG  ]  File ignored by rseqc/infer_experiment because it exceeded search pattern filesize limit: 271M_R1.fastp-trim_dedup_stdout.log
[2026-04-03 07:14:41,100] multiqc                                            [DEBUG  ]  File ignored by snpeff because it exceeded search pattern filesize limit: 271M_R1.fastp-trim_dedup_stdout.log
[2026-04-03 07:14:41,100] multiqc                                            [DEBUG  ]  File ignored by stacks/sumstats because it exceeded search pattern filesize limit: 271M_R1.fastp-trim_dedup_stdout.log
[2026-04-03 07:14:42,372] multiqc                                            [DEBUG  ]  File ignored by nanostat because it exceeded search pattern filesize limit: 271M_R1.fastp-trim_dedup_stdout.log
[2026-04-03 07:14:42,448] multiqc                                            [DEBUG  ]  Ignoring file as matched an ignore pattern: 272M_R1.fastp-trim_bismark_bt2_pe.deduplicated.bam
[2026-04-03 07:14:42,456] multiqc                                            [DEBUG  ]  File ignored by ccs/v4 because it exceeded search pattern filesize limit: 239M_R1.fastp-trim_dedup_stderr.log
[2026-04-03 07:14:42,458] multiqc                                            [DEBUG  ]  File ignored by lima/summary because it exceeded search pattern filesize limit: 239M_R1.fastp-trim_dedup_stderr.log
[2026-04-03 07:14:42,467] multiqc                                            [DEBUG  ]  Ignoring file as matched an ignore pattern: 270M_R1.fastp-trim_bismark_bt2_pe_dedup.sorted.bam.bai
[2026-04-03 07:14:42,467] multiqc                                            [DEBUG  ]  Ignoring file as matched an ignore pattern: 69M_R1.fastp-trim_bismark_bt2_pe.deduplicated.bam
[2026-04-03 07:14:42,467] multiqc                                            [DEBUG  ]  Ignoring file as matched an ignore pattern: 107M_R1.fastp-trim_bismark_bt2_pe_dedup.sorted.bam.bai
[2026-04-03 07:14:42,467] multiqc                                            [DEBUG  ]  Ignoring file as matched an ignore pattern: 241M_R1.fastp-trim_bismark_bt2_pe_dedup.sorted.bam.bai
[2026-04-03 07:14:42,468] multiqc                                            [DEBUG  ]  Ignoring file as matched an ignore pattern: 107M_R1.fastp-trim_bismark_bt2_pe_dedup.sorted.bam
[2026-04-03 07:14:42,488] multiqc                                            [DEBUG  ]  File ignored by ccs/v4 because it exceeded search pattern filesize limit: 270M_R1.fastp-trim_dedup_stderr.log
[2026-04-03 07:14:42,490] multiqc                                            [DEBUG  ]  File ignored by lima/summary because it exceeded search pattern filesize limit: 270M_R1.fastp-trim_dedup_stderr.log
[2026-04-03 07:14:42,499] multiqc                                            [DEBUG  ]  Ignoring file as matched an ignore pattern: 271M_R1.fastp-trim_bismark_bt2_pe.deduplicated.bam
[2026-04-03 07:14:42,499] multiqc                                            [DEBUG  ]  Ignoring file as matched an ignore pattern: 69M_R1.fastp-trim_bismark_bt2_pe_dedup.sorted.bam
[2026-04-03 07:14:42,499] multiqc                                            [DEBUG  ]  Ignoring file as matched an ignore pattern: 109M_R1.fastp-trim_bismark_bt2_pe.deduplicated.bam
[2026-04-03 07:14:42,512] multiqc                                            [DEBUG  ]  File ignored by ccs/v4 because it exceeded search pattern filesize limit: 241M_R1.fastp-trim_dedup_stderr.log
[2026-04-03 07:14:42,513] multiqc                                            [DEBUG  ]  File ignored by lima/summary because it exceeded search pattern filesize limit: 241M_R1.fastp-trim_dedup_stderr.log
[2026-04-03 07:14:42,522] multiqc                                            [DEBUG  ]  Ignoring file as matched an ignore pattern: 78M_R1.fastp-trim_bismark_bt2_pe_dedup.sorted.bam.bai
[2026-04-03 07:14:42,522] multiqc                                            [DEBUG  ]  Ignoring file as matched an ignore pattern: 80M_R1.fastp-trim_bismark_bt2_pe_dedup.sorted.bam.bai
[2026-04-03 07:14:42,522] multiqc                                            [DEBUG  ]  Ignoring file as matched an ignore pattern: 78M_R1.fastp-trim_bismark_bt2_pe.deduplicated.bam
[2026-04-03 07:14:42,543] multiqc                                            [DEBUG  ]  File ignored by ccs/v4 because it exceeded search pattern filesize limit: 272M_R1.fastp-trim_dedup_stdout.log
[2026-04-03 07:14:42,544] multiqc                                            [DEBUG  ]  File ignored by hicexplorer because it exceeded search pattern filesize limit: 272M_R1.fastp-trim_dedup_stdout.log
[2026-04-03 07:14:42,544] multiqc                                            [DEBUG  ]  File ignored by lima/summary because it exceeded search pattern filesize limit: 272M_R1.fastp-trim_dedup_stdout.log
[2026-04-03 07:14:42,547] multiqc                                            [DEBUG  ]  File ignored by vep/vep_html because it exceeded search pattern filesize limit: 272M_R1.fastp-trim_dedup_stdout.log
[2026-04-03 07:14:42,547] multiqc                                            [DEBUG  ]  File ignored by vep/vep_txt because it exceeded search pattern filesize limit: 272M_R1.fastp-trim_dedup_stdout.log
[2026-04-03 07:14:42,547] multiqc                                            [DEBUG  ]  File ignored by longranger/invocation because it exceeded search pattern filesize limit: 272M_R1.fastp-trim_dedup_stdout.log
[2026-04-03 07:14:42,548] multiqc                                            [DEBUG  ]  File ignored by rockhopper because it exceeded search pattern filesize limit: 272M_R1.fastp-trim_dedup_stdout.log
[2026-04-03 07:14:42,548] multiqc                                            [DEBUG  ]  File ignored by rseqc/bam_stat because it exceeded search pattern filesize limit: 272M_R1.fastp-trim_dedup_stdout.log
[2026-04-03 07:14:42,548] multiqc                                            [DEBUG  ]  File ignored by rseqc/junction_annotation because it exceeded search pattern filesize limit: 272M_R1.fastp-trim_dedup_stdout.log
[2026-04-03 07:14:42,548] multiqc                                            [DEBUG  ]  File ignored by rseqc/read_distribution because it exceeded search pattern filesize limit: 272M_R1.fastp-trim_dedup_stdout.log
[2026-04-03 07:14:42,548] multiqc                                            [DEBUG  ]  File ignored by rseqc/infer_experiment because it exceeded search pattern filesize limit: 272M_R1.fastp-trim_dedup_stdout.log
[2026-04-03 07:14:42,548] multiqc                                            [DEBUG  ]  File ignored by snpeff because it exceeded search pattern filesize limit: 272M_R1.fastp-trim_dedup_stdout.log
[2026-04-03 07:14:42,548] multiqc                                            [DEBUG  ]  File ignored by stacks/sumstats because it exceeded search pattern filesize limit: 272M_R1.fastp-trim_dedup_stdout.log
[2026-04-03 07:14:43,854] multiqc                                            [DEBUG  ]  File ignored by nanostat because it exceeded search pattern filesize limit: 272M_R1.fastp-trim_dedup_stdout.log
[2026-04-03 07:14:43,924] multiqc                                            [DEBUG  ]  Ignoring file as matched an ignore pattern: 269M_R1.fastp-trim_bismark_bt2_pe_dedup.sorted.bam.bai
[2026-04-03 07:14:43,945] multiqc                                            [DEBUG  ]  File ignored by ccs/v4 because it exceeded search pattern filesize limit: 269M_R1.fastp-trim_dedup_stderr.log
[2026-04-03 07:14:43,946] multiqc                                            [DEBUG  ]  File ignored by lima/summary because it exceeded search pattern filesize limit: 269M_R1.fastp-trim_dedup_stderr.log
[2026-04-03 07:14:43,950] multiqc                                            [DEBUG  ]  Ignoring file as matched an ignore pattern: 269M_R1.fastp-trim_bismark_bt2_pe_dedup.sorted.bam
[2026-04-03 07:14:43,970] multiqc                                            [DEBUG  ]  File ignored by ccs/v4 because it exceeded search pattern filesize limit: 95M_R1.fastp-trim_dedup_stdout.log
[2026-04-03 07:14:43,971] multiqc                                            [DEBUG  ]  File ignored by hicexplorer because it exceeded search pattern filesize limit: 95M_R1.fastp-trim_dedup_stdout.log
[2026-04-03 07:14:43,971] multiqc                                            [DEBUG  ]  File ignored by lima/summary because it exceeded search pattern filesize limit: 95M_R1.fastp-trim_dedup_stdout.log
[2026-04-03 07:14:43,973] multiqc                                            [DEBUG  ]  File ignored by vep/vep_html because it exceeded search pattern filesize limit: 95M_R1.fastp-trim_dedup_stdout.log
[2026-04-03 07:14:43,973] multiqc                                            [DEBUG  ]  File ignored by vep/vep_txt because it exceeded search pattern filesize limit: 95M_R1.fastp-trim_dedup_stdout.log
[2026-04-03 07:14:43,973] multiqc                                            [DEBUG  ]  File ignored by longranger/invocation because it exceeded search pattern filesize limit: 95M_R1.fastp-trim_dedup_stdout.log
[2026-04-03 07:14:43,973] multiqc                                            [DEBUG  ]  File ignored by rockhopper because it exceeded search pattern filesize limit: 95M_R1.fastp-trim_dedup_stdout.log
[2026-04-03 07:14:43,974] multiqc                                            [DEBUG  ]  File ignored by rseqc/bam_stat because it exceeded search pattern filesize limit: 95M_R1.fastp-trim_dedup_stdout.log
[2026-04-03 07:14:43,974] multiqc                                            [DEBUG  ]  File ignored by rseqc/junction_annotation because it exceeded search pattern filesize limit: 95M_R1.fastp-trim_dedup_stdout.log
[2026-04-03 07:14:43,974] multiqc                                            [DEBUG  ]  File ignored by rseqc/read_distribution because it exceeded search pattern filesize limit: 95M_R1.fastp-trim_dedup_stdout.log
[2026-04-03 07:14:43,974] multiqc                                            [DEBUG  ]  File ignored by rseqc/infer_experiment because it exceeded search pattern filesize limit: 95M_R1.fastp-trim_dedup_stdout.log
[2026-04-03 07:14:43,974] multiqc                                            [DEBUG  ]  File ignored by snpeff because it exceeded search pattern filesize limit: 95M_R1.fastp-trim_dedup_stdout.log
[2026-04-03 07:14:43,974] multiqc                                            [DEBUG  ]  File ignored by stacks/sumstats because it exceeded search pattern filesize limit: 95M_R1.fastp-trim_dedup_stdout.log
[2026-04-03 07:14:45,256] multiqc                                            [DEBUG  ]  File ignored by nanostat because it exceeded search pattern filesize limit: 95M_R1.fastp-trim_dedup_stdout.log
[2026-04-03 07:14:45,326] multiqc                                            [DEBUG  ]  Ignoring file as matched an ignore pattern: 242M_R1.fastp-trim_bismark_bt2_pe_dedup.sorted.bam.bai
[2026-04-03 07:14:45,326] multiqc                                            [DEBUG  ]  Ignoring file as matched an ignore pattern: 271M_R1.fastp-trim_bismark_bt2_pe_dedup.sorted.bam.bai
[2026-04-03 07:14:45,326] multiqc                                            [DEBUG  ]  Ignoring file as matched an ignore pattern: 241M_R1.fastp-trim_bismark_bt2_pe_dedup.sorted.bam
[2026-04-03 07:14:45,326] multiqc                                            [DEBUG  ]  Ignoring file as matched an ignore pattern: 93M_R1.fastp-trim_bismark_bt2_pe.deduplicated.bam
[2026-04-03 07:14:45,356] multiqc                                            [DEBUG  ]  File ignored by ccs/v4 because it exceeded search pattern filesize limit: 69M_R1.fastp-trim_dedup_stderr.log
[2026-04-03 07:14:45,358] multiqc                                            [DEBUG  ]  File ignored by lima/summary because it exceeded search pattern filesize limit: 69M_R1.fastp-trim_dedup_stderr.log
[2026-04-03 07:14:45,366] multiqc                                            [DEBUG  ]  Ignoring file as matched an ignore pattern: 240M_R1.fastp-trim_bismark_bt2_pe_dedup.sorted.bam.bai
[2026-04-03 07:14:45,386] multiqc                                            [DEBUG  ]  File ignored by ccs/v4 because it exceeded search pattern filesize limit: 80M_R1.fastp-trim_dedup_stdout.log
[2026-04-03 07:14:45,388] multiqc                                            [DEBUG  ]  File ignored by hicexplorer because it exceeded search pattern filesize limit: 80M_R1.fastp-trim_dedup_stdout.log
[2026-04-03 07:14:45,388] multiqc                                            [DEBUG  ]  File ignored by lima/summary because it exceeded search pattern filesize limit: 80M_R1.fastp-trim_dedup_stdout.log
[2026-04-03 07:14:45,391] multiqc                                            [DEBUG  ]  File ignored by vep/vep_html because it exceeded search pattern filesize limit: 80M_R1.fastp-trim_dedup_stdout.log
[2026-04-03 07:14:45,392] multiqc                                            [DEBUG  ]  File ignored by vep/vep_txt because it exceeded search pattern filesize limit: 80M_R1.fastp-trim_dedup_stdout.log
[2026-04-03 07:14:45,392] multiqc                                            [DEBUG  ]  File ignored by longranger/invocation because it exceeded search pattern filesize limit: 80M_R1.fastp-trim_dedup_stdout.log
[2026-04-03 07:14:45,392] multiqc                                            [DEBUG  ]  File ignored by rockhopper because it exceeded search pattern filesize limit: 80M_R1.fastp-trim_dedup_stdout.log
[2026-04-03 07:14:45,392] multiqc                                            [DEBUG  ]  File ignored by rseqc/bam_stat because it exceeded search pattern filesize limit: 80M_R1.fastp-trim_dedup_stdout.log
[2026-04-03 07:14:45,392] multiqc                                            [DEBUG  ]  File ignored by rseqc/junction_annotation because it exceeded search pattern filesize limit: 80M_R1.fastp-trim_dedup_stdout.log
[2026-04-03 07:14:45,392] multiqc                                            [DEBUG  ]  File ignored by rseqc/read_distribution because it exceeded search pattern filesize limit: 80M_R1.fastp-trim_dedup_stdout.log
[2026-04-03 07:14:45,392] multiqc                                            [DEBUG  ]  File ignored by rseqc/infer_experiment because it exceeded search pattern filesize limit: 80M_R1.fastp-trim_dedup_stdout.log
[2026-04-03 07:14:45,392] multiqc                                            [DEBUG  ]  File ignored by snpeff because it exceeded search pattern filesize limit: 80M_R1.fastp-trim_dedup_stdout.log
[2026-04-03 07:14:45,393] multiqc                                            [DEBUG  ]  File ignored by stacks/sumstats because it exceeded search pattern filesize limit: 80M_R1.fastp-trim_dedup_stdout.log
[2026-04-03 07:14:46,672] multiqc                                            [DEBUG  ]  File ignored by nanostat because it exceeded search pattern filesize limit: 80M_R1.fastp-trim_dedup_stdout.log
[2026-04-03 07:14:46,739] multiqc                                            [DEBUG  ]  Ignoring file as matched an ignore pattern: 94M_R1.fastp-trim_bismark_bt2_pe_dedup.sorted.bam.bai
[2026-04-03 07:14:46,744] multiqc                                            [DEBUG  ]  Ignoring file as matched an ignore pattern: 79M_R1.fastp-trim_bismark_bt2_pe_dedup.sorted.bam
[2026-04-03 07:14:46,744] multiqc                                            [DEBUG  ]  Ignoring file as matched an ignore pattern: 239M_R1.fastp-trim_bismark_bt2_pe.deduplicated.bam
[2026-04-03 07:14:46,744] multiqc                                            [DEBUG  ]  Ignoring file as matched an ignore pattern: 71M_R1.fastp-trim_bismark_bt2_pe_dedup.sorted.bam
[2026-04-03 07:14:46,771] multiqc                                            [DEBUG  ]  File ignored by ccs/v4 because it exceeded search pattern filesize limit: 109M_R1.fastp-trim_dedup_stderr.log
[2026-04-03 07:14:46,773] multiqc                                            [DEBUG  ]  File ignored by lima/summary because it exceeded search pattern filesize limit: 109M_R1.fastp-trim_dedup_stderr.log
[2026-04-03 07:14:46,799] multiqc                                            [DEBUG  ]  File ignored by ccs/v4 because it exceeded search pattern filesize limit: 107M_R1.fastp-trim_dedup_stderr.log
[2026-04-03 07:14:46,801] multiqc                                            [DEBUG  ]  File ignored by lima/summary because it exceeded search pattern filesize limit: 107M_R1.fastp-trim_dedup_stderr.log
[2026-04-03 07:14:46,829] multiqc                                            [DEBUG  ]  File ignored by ccs/v4 because it exceeded search pattern filesize limit: 239M_R1.fastp-trim_dedup_stdout.log
[2026-04-03 07:14:46,831] multiqc                                            [DEBUG  ]  File ignored by hicexplorer because it exceeded search pattern filesize limit: 239M_R1.fastp-trim_dedup_stdout.log
[2026-04-03 07:14:46,831] multiqc                                            [DEBUG  ]  File ignored by lima/summary because it exceeded search pattern filesize limit: 239M_R1.fastp-trim_dedup_stdout.log
[2026-04-03 07:14:46,834] multiqc                                            [DEBUG  ]  File ignored by vep/vep_html because it exceeded search pattern filesize limit: 239M_R1.fastp-trim_dedup_stdout.log
[2026-04-03 07:14:46,834] multiqc                                            [DEBUG  ]  File ignored by vep/vep_txt because it exceeded search pattern filesize limit: 239M_R1.fastp-trim_dedup_stdout.log
[2026-04-03 07:14:46,834] multiqc                                            [DEBUG  ]  File ignored by longranger/invocation because it exceeded search pattern filesize limit: 239M_R1.fastp-trim_dedup_stdout.log
[2026-04-03 07:14:46,834] multiqc                                            [DEBUG  ]  File ignored by rockhopper because it exceeded search pattern filesize limit: 239M_R1.fastp-trim_dedup_stdout.log
[2026-04-03 07:14:46,834] multiqc                                            [DEBUG  ]  File ignored by rseqc/bam_stat because it exceeded search pattern filesize limit: 239M_R1.fastp-trim_dedup_stdout.log
[2026-04-03 07:14:46,834] multiqc                                            [DEBUG  ]  File ignored by rseqc/junction_annotation because it exceeded search pattern filesize limit: 239M_R1.fastp-trim_dedup_stdout.log
[2026-04-03 07:14:46,834] multiqc                                            [DEBUG  ]  File ignored by rseqc/read_distribution because it exceeded search pattern filesize limit: 239M_R1.fastp-trim_dedup_stdout.log
[2026-04-03 07:14:46,835] multiqc                                            [DEBUG  ]  File ignored by rseqc/infer_experiment because it exceeded search pattern filesize limit: 239M_R1.fastp-trim_dedup_stdout.log
[2026-04-03 07:14:46,835] multiqc                                            [DEBUG  ]  File ignored by snpeff because it exceeded search pattern filesize limit: 239M_R1.fastp-trim_dedup_stdout.log
[2026-04-03 07:14:46,835] multiqc                                            [DEBUG  ]  File ignored by stacks/sumstats because it exceeded search pattern filesize limit: 239M_R1.fastp-trim_dedup_stdout.log
[2026-04-03 07:14:48,120] multiqc                                            [DEBUG  ]  File ignored by nanostat because it exceeded search pattern filesize limit: 239M_R1.fastp-trim_dedup_stdout.log
[2026-04-03 07:14:48,189] multiqc                                            [DEBUG  ]  Ignoring file as matched an ignore pattern: 92M_R1.fastp-trim_bismark_bt2_pe.deduplicated.bam
[2026-04-03 07:14:48,191] multiqc                                            [DEBUG  ]  File ignored by ccs/v4 because it exceeded search pattern filesize limit: 92M_R1.fastp-trim_dedup_stderr.log
[2026-04-03 07:14:48,191] multiqc                                            [DEBUG  ]  File ignored by lima/summary because it exceeded search pattern filesize limit: 92M_R1.fastp-trim_dedup_stderr.log
[2026-04-03 07:14:48,216] multiqc                                            [DEBUG  ]  File ignored by ccs/v4 because it exceeded search pattern filesize limit: 81M_R1.fastp-trim_dedup_stderr.log
[2026-04-03 07:14:48,218] multiqc                                            [DEBUG  ]  File ignored by lima/summary because it exceeded search pattern filesize limit: 81M_R1.fastp-trim_dedup_stderr.log
[2026-04-03 07:14:48,233] multiqc                                            [DEBUG  ]  Ignoring file as matched an ignore pattern: 242M_R1.fastp-trim_bismark_bt2_pe.deduplicated.bam
[2026-04-03 07:14:48,233] multiqc                                            [DEBUG  ]  Ignoring file as matched an ignore pattern: 240M_R1.fastp-trim_bismark_bt2_pe_dedup.sorted.bam
[2026-04-03 07:14:48,254] multiqc                                            [DEBUG  ]  File ignored by ccs/v4 because it exceeded search pattern filesize limit: 79M_R1.fastp-trim_dedup_stdout.log
[2026-04-03 07:14:48,256] multiqc                                            [DEBUG  ]  File ignored by hicexplorer because it exceeded search pattern filesize limit: 79M_R1.fastp-trim_dedup_stdout.log
[2026-04-03 07:14:48,256] multiqc                                            [DEBUG  ]  File ignored by lima/summary because it exceeded search pattern filesize limit: 79M_R1.fastp-trim_dedup_stdout.log
[2026-04-03 07:14:48,259] multiqc                                            [DEBUG  ]  File ignored by vep/vep_html because it exceeded search pattern filesize limit: 79M_R1.fastp-trim_dedup_stdout.log
[2026-04-03 07:14:48,260] multiqc                                            [DEBUG  ]  File ignored by vep/vep_txt because it exceeded search pattern filesize limit: 79M_R1.fastp-trim_dedup_stdout.log
[2026-04-03 07:14:48,260] multiqc                                            [DEBUG  ]  File ignored by longranger/invocation because it exceeded search pattern filesize limit: 79M_R1.fastp-trim_dedup_stdout.log
[2026-04-03 07:14:48,260] multiqc                                            [DEBUG  ]  File ignored by rockhopper because it exceeded search pattern filesize limit: 79M_R1.fastp-trim_dedup_stdout.log
[2026-04-03 07:14:48,260] multiqc                                            [DEBUG  ]  File ignored by rseqc/bam_stat because it exceeded search pattern filesize limit: 79M_R1.fastp-trim_dedup_stdout.log
[2026-04-03 07:14:48,260] multiqc                                            [DEBUG  ]  File ignored by rseqc/junction_annotation because it exceeded search pattern filesize limit: 79M_R1.fastp-trim_dedup_stdout.log
[2026-04-03 07:14:48,260] multiqc                                            [DEBUG  ]  File ignored by rseqc/read_distribution because it exceeded search pattern filesize limit: 79M_R1.fastp-trim_dedup_stdout.log
[2026-04-03 07:14:48,260] multiqc                                            [DEBUG  ]  File ignored by rseqc/infer_experiment because it exceeded search pattern filesize limit: 79M_R1.fastp-trim_dedup_stdout.log
[2026-04-03 07:14:48,260] multiqc                                            [DEBUG  ]  File ignored by snpeff because it exceeded search pattern filesize limit: 79M_R1.fastp-trim_dedup_stdout.log
[2026-04-03 07:14:48,260] multiqc                                            [DEBUG  ]  File ignored by stacks/sumstats because it exceeded search pattern filesize limit: 79M_R1.fastp-trim_dedup_stdout.log
[2026-04-03 07:14:49,547] multiqc                                            [DEBUG  ]  File ignored by nanostat because it exceeded search pattern filesize limit: 79M_R1.fastp-trim_dedup_stdout.log
[2026-04-03 07:14:49,642] multiqc                                            [DEBUG  ]  File ignored by ccs/v4 because it exceeded search pattern filesize limit: 109M_R1.fastp-trim_dedup_stdout.log
[2026-04-03 07:14:49,643] multiqc                                            [DEBUG  ]  File ignored by hicexplorer because it exceeded search pattern filesize limit: 109M_R1.fastp-trim_dedup_stdout.log
[2026-04-03 07:14:49,643] multiqc                                            [DEBUG  ]  File ignored by lima/summary because it exceeded search pattern filesize limit: 109M_R1.fastp-trim_dedup_stdout.log
[2026-04-03 07:14:49,645] multiqc                                            [DEBUG  ]  File ignored by vep/vep_html because it exceeded search pattern filesize limit: 109M_R1.fastp-trim_dedup_stdout.log
[2026-04-03 07:14:49,645] multiqc                                            [DEBUG  ]  File ignored by vep/vep_txt because it exceeded search pattern filesize limit: 109M_R1.fastp-trim_dedup_stdout.log
[2026-04-03 07:14:49,645] multiqc                                            [DEBUG  ]  File ignored by longranger/invocation because it exceeded search pattern filesize limit: 109M_R1.fastp-trim_dedup_stdout.log
[2026-04-03 07:14:49,645] multiqc                                            [DEBUG  ]  File ignored by rockhopper because it exceeded search pattern filesize limit: 109M_R1.fastp-trim_dedup_stdout.log
[2026-04-03 07:14:49,645] multiqc                                            [DEBUG  ]  File ignored by rseqc/bam_stat because it exceeded search pattern filesize limit: 109M_R1.fastp-trim_dedup_stdout.log
[2026-04-03 07:14:49,645] multiqc                                            [DEBUG  ]  File ignored by rseqc/junction_annotation because it exceeded search pattern filesize limit: 109M_R1.fastp-trim_dedup_stdout.log
[2026-04-03 07:14:49,645] multiqc                                            [DEBUG  ]  File ignored by rseqc/read_distribution because it exceeded search pattern filesize limit: 109M_R1.fastp-trim_dedup_stdout.log
[2026-04-03 07:14:49,645] multiqc                                            [DEBUG  ]  File ignored by rseqc/infer_experiment because it exceeded search pattern filesize limit: 109M_R1.fastp-trim_dedup_stdout.log
[2026-04-03 07:14:49,645] multiqc                                            [DEBUG  ]  File ignored by snpeff because it exceeded search pattern filesize limit: 109M_R1.fastp-trim_dedup_stdout.log
[2026-04-03 07:14:49,645] multiqc                                            [DEBUG  ]  File ignored by stacks/sumstats because it exceeded search pattern filesize limit: 109M_R1.fastp-trim_dedup_stdout.log
[2026-04-03 07:14:50,901] multiqc                                            [DEBUG  ]  File ignored by nanostat because it exceeded search pattern filesize limit: 109M_R1.fastp-trim_dedup_stdout.log
[2026-04-03 07:14:50,968] multiqc                                            [DEBUG  ]  Ignoring file as matched an ignore pattern: 105M_R1.fastp-trim_bismark_bt2_pe_dedup.sorted.bam
[2026-04-03 07:14:50,968] multiqc                                            [DEBUG  ]  Ignoring file as matched an ignore pattern: 79M_R1.fastp-trim_bismark_bt2_pe.deduplicated.bam
[2026-04-03 07:14:50,985] multiqc                                            [DEBUG  ]  File ignored by ccs/v4 because it exceeded search pattern filesize limit: 107M_R1.fastp-trim_dedup_stdout.log
[2026-04-03 07:14:50,986] multiqc                                            [DEBUG  ]  File ignored by hicexplorer because it exceeded search pattern filesize limit: 107M_R1.fastp-trim_dedup_stdout.log
[2026-04-03 07:14:50,986] multiqc                                            [DEBUG  ]  File ignored by lima/summary because it exceeded search pattern filesize limit: 107M_R1.fastp-trim_dedup_stdout.log
[2026-04-03 07:14:50,987] multiqc                                            [DEBUG  ]  File ignored by vep/vep_html because it exceeded search pattern filesize limit: 107M_R1.fastp-trim_dedup_stdout.log
[2026-04-03 07:14:50,987] multiqc                                            [DEBUG  ]  File ignored by vep/vep_txt because it exceeded search pattern filesize limit: 107M_R1.fastp-trim_dedup_stdout.log
[2026-04-03 07:14:50,987] multiqc                                            [DEBUG  ]  File ignored by longranger/invocation because it exceeded search pattern filesize limit: 107M_R1.fastp-trim_dedup_stdout.log
[2026-04-03 07:14:50,987] multiqc                                            [DEBUG  ]  File ignored by rockhopper because it exceeded search pattern filesize limit: 107M_R1.fastp-trim_dedup_stdout.log
[2026-04-03 07:14:50,987] multiqc                                            [DEBUG  ]  File ignored by rseqc/bam_stat because it exceeded search pattern filesize limit: 107M_R1.fastp-trim_dedup_stdout.log
[2026-04-03 07:14:50,987] multiqc                                            [DEBUG  ]  File ignored by rseqc/junction_annotation because it exceeded search pattern filesize limit: 107M_R1.fastp-trim_dedup_stdout.log
[2026-04-03 07:14:50,987] multiqc                                            [DEBUG  ]  File ignored by rseqc/read_distribution because it exceeded search pattern filesize limit: 107M_R1.fastp-trim_dedup_stdout.log
[2026-04-03 07:14:50,988] multiqc                                            [DEBUG  ]  File ignored by rseqc/infer_experiment because it exceeded search pattern filesize limit: 107M_R1.fastp-trim_dedup_stdout.log
[2026-04-03 07:14:50,988] multiqc                                            [DEBUG  ]  File ignored by snpeff because it exceeded search pattern filesize limit: 107M_R1.fastp-trim_dedup_stdout.log
[2026-04-03 07:14:50,988] multiqc                                            [DEBUG  ]  File ignored by stacks/sumstats because it exceeded search pattern filesize limit: 107M_R1.fastp-trim_dedup_stdout.log
[2026-04-03 07:14:52,247] multiqc                                            [DEBUG  ]  File ignored by nanostat because it exceeded search pattern filesize limit: 107M_R1.fastp-trim_dedup_stdout.log
[2026-04-03 07:14:52,355] multiqc                                            [DEBUG  ]  File ignored by ccs/v4 because it exceeded search pattern filesize limit: 270M_R1.fastp-trim_dedup_stdout.log
[2026-04-03 07:14:52,356] multiqc                                            [DEBUG  ]  File ignored by hicexplorer because it exceeded search pattern filesize limit: 270M_R1.fastp-trim_dedup_stdout.log
[2026-04-03 07:14:52,356] multiqc                                            [DEBUG  ]  File ignored by lima/summary because it exceeded search pattern filesize limit: 270M_R1.fastp-trim_dedup_stdout.log
[2026-04-03 07:14:52,358] multiqc                                            [DEBUG  ]  File ignored by vep/vep_html because it exceeded search pattern filesize limit: 270M_R1.fastp-trim_dedup_stdout.log
[2026-04-03 07:14:52,358] multiqc                                            [DEBUG  ]  File ignored by vep/vep_txt because it exceeded search pattern filesize limit: 270M_R1.fastp-trim_dedup_stdout.log
[2026-04-03 07:14:52,358] multiqc                                            [DEBUG  ]  File ignored by longranger/invocation because it exceeded search pattern filesize limit: 270M_R1.fastp-trim_dedup_stdout.log
[2026-04-03 07:14:52,358] multiqc                                            [DEBUG  ]  File ignored by rockhopper because it exceeded search pattern filesize limit: 270M_R1.fastp-trim_dedup_stdout.log
[2026-04-03 07:14:52,358] multiqc                                            [DEBUG  ]  File ignored by rseqc/bam_stat because it exceeded search pattern filesize limit: 270M_R1.fastp-trim_dedup_stdout.log
[2026-04-03 07:14:52,358] multiqc                                            [DEBUG  ]  File ignored by rseqc/junction_annotation because it exceeded search pattern filesize limit: 270M_R1.fastp-trim_dedup_stdout.log
[2026-04-03 07:14:52,358] multiqc                                            [DEBUG  ]  File ignored by rseqc/read_distribution because it exceeded search pattern filesize limit: 270M_R1.fastp-trim_dedup_stdout.log
[2026-04-03 07:14:52,358] multiqc                                            [DEBUG  ]  File ignored by rseqc/infer_experiment because it exceeded search pattern filesize limit: 270M_R1.fastp-trim_dedup_stdout.log
[2026-04-03 07:14:52,359] multiqc                                            [DEBUG  ]  File ignored by snpeff because it exceeded search pattern filesize limit: 270M_R1.fastp-trim_dedup_stdout.log
[2026-04-03 07:14:52,359] multiqc                                            [DEBUG  ]  File ignored by stacks/sumstats because it exceeded search pattern filesize limit: 270M_R1.fastp-trim_dedup_stdout.log
[2026-04-03 07:14:53,639] multiqc                                            [DEBUG  ]  File ignored by nanostat because it exceeded search pattern filesize limit: 270M_R1.fastp-trim_dedup_stdout.log
[2026-04-03 07:14:53,716] multiqc                                            [DEBUG  ]  Ignoring file as matched an ignore pattern: 72M_R1.fastp-trim_bismark_bt2_pe.deduplicated.bam
[2026-04-03 07:14:53,716] multiqc                                            [DEBUG  ]  Ignoring file as matched an ignore pattern: 81M_R1.fastp-trim_bismark_bt2_pe.deduplicated.bam
[2026-04-03 07:14:53,716] multiqc                                            [DEBUG  ]  Ignoring file as matched an ignore pattern: 72M_R1.fastp-trim_bismark_bt2_pe_dedup.sorted.bam
[2026-04-03 07:14:53,716] multiqc                                            [DEBUG  ]  Ignoring file as matched an ignore pattern: 95M_R1.fastp-trim_bismark_bt2_pe_dedup.sorted.bam
[2026-04-03 07:14:53,716] multiqc                                            [DEBUG  ]  Ignoring file as matched an ignore pattern: 92M_R1.fastp-trim_bismark_bt2_pe_dedup.sorted.bam
[2026-04-03 07:14:53,716] multiqc                                            [DEBUG  ]  Ignoring file as matched an ignore pattern: 69M_R1.fastp-trim_bismark_bt2_pe_dedup.sorted.bam.bai
[2026-04-03 07:14:53,716] multiqc                                            [DEBUG  ]  Ignoring file as matched an ignore pattern: 272M_R1.fastp-trim_bismark_bt2_pe_dedup.sorted.bam
[2026-04-03 07:14:53,733] multiqc                                            [DEBUG  ]  File ignored by ccs/v4 because it exceeded search pattern filesize limit: 241M_R1.fastp-trim_dedup_stdout.log
[2026-04-03 07:14:53,735] multiqc                                            [DEBUG  ]  File ignored by hicexplorer because it exceeded search pattern filesize limit: 241M_R1.fastp-trim_dedup_stdout.log
[2026-04-03 07:14:53,735] multiqc                                            [DEBUG  ]  File ignored by lima/summary because it exceeded search pattern filesize limit: 241M_R1.fastp-trim_dedup_stdout.log
[2026-04-03 07:14:53,738] multiqc                                            [DEBUG  ]  File ignored by vep/vep_html because it exceeded search pattern filesize limit: 241M_R1.fastp-trim_dedup_stdout.log
[2026-04-03 07:14:53,738] multiqc                                            [DEBUG  ]  File ignored by vep/vep_txt because it exceeded search pattern filesize limit: 241M_R1.fastp-trim_dedup_stdout.log
[2026-04-03 07:14:53,738] multiqc                                            [DEBUG  ]  File ignored by longranger/invocation because it exceeded search pattern filesize limit: 241M_R1.fastp-trim_dedup_stdout.log
[2026-04-03 07:14:53,739] multiqc                                            [DEBUG  ]  File ignored by rockhopper because it exceeded search pattern filesize limit: 241M_R1.fastp-trim_dedup_stdout.log
[2026-04-03 07:14:53,739] multiqc                                            [DEBUG  ]  File ignored by rseqc/bam_stat because it exceeded search pattern filesize limit: 241M_R1.fastp-trim_dedup_stdout.log
[2026-04-03 07:14:53,739] multiqc                                            [DEBUG  ]  File ignored by rseqc/junction_annotation because it exceeded search pattern filesize limit: 241M_R1.fastp-trim_dedup_stdout.log
[2026-04-03 07:14:53,739] multiqc                                            [DEBUG  ]  File ignored by rseqc/read_distribution because it exceeded search pattern filesize limit: 241M_R1.fastp-trim_dedup_stdout.log
[2026-04-03 07:14:53,739] multiqc                                            [DEBUG  ]  File ignored by rseqc/infer_experiment because it exceeded search pattern filesize limit: 241M_R1.fastp-trim_dedup_stdout.log
[2026-04-03 07:14:53,739] multiqc                                            [DEBUG  ]  File ignored by snpeff because it exceeded search pattern filesize limit: 241M_R1.fastp-trim_dedup_stdout.log
[2026-04-03 07:14:53,739] multiqc                                            [DEBUG  ]  File ignored by stacks/sumstats because it exceeded search pattern filesize limit: 241M_R1.fastp-trim_dedup_stdout.log
[2026-04-03 07:14:55,021] multiqc                                            [DEBUG  ]  File ignored by nanostat because it exceeded search pattern filesize limit: 241M_R1.fastp-trim_dedup_stdout.log
[2026-04-03 07:14:55,113] multiqc                                            [DEBUG  ]  File ignored by ccs/v4 because it exceeded search pattern filesize limit: 242M_R1.fastp-trim_dedup_stdout.log
[2026-04-03 07:14:55,114] multiqc                                            [DEBUG  ]  File ignored by hicexplorer because it exceeded search pattern filesize limit: 242M_R1.fastp-trim_dedup_stdout.log
[2026-04-03 07:14:55,114] multiqc                                            [DEBUG  ]  File ignored by lima/summary because it exceeded search pattern filesize limit: 242M_R1.fastp-trim_dedup_stdout.log
[2026-04-03 07:14:55,115] multiqc                                            [DEBUG  ]  File ignored by vep/vep_html because it exceeded search pattern filesize limit: 242M_R1.fastp-trim_dedup_stdout.log
[2026-04-03 07:14:55,115] multiqc                                            [DEBUG  ]  File ignored by vep/vep_txt because it exceeded search pattern filesize limit: 242M_R1.fastp-trim_dedup_stdout.log
[2026-04-03 07:14:55,115] multiqc                                            [DEBUG  ]  File ignored by longranger/invocation because it exceeded search pattern filesize limit: 242M_R1.fastp-trim_dedup_stdout.log
[2026-04-03 07:14:55,115] multiqc                                            [DEBUG  ]  File ignored by rockhopper because it exceeded search pattern filesize limit: 242M_R1.fastp-trim_dedup_stdout.log
[2026-04-03 07:14:55,115] multiqc                                            [DEBUG  ]  File ignored by rseqc/bam_stat because it exceeded search pattern filesize limit: 242M_R1.fastp-trim_dedup_stdout.log
[2026-04-03 07:14:55,115] multiqc                                            [DEBUG  ]  File ignored by rseqc/junction_annotation because it exceeded search pattern filesize limit: 242M_R1.fastp-trim_dedup_stdout.log
[2026-04-03 07:14:55,115] multiqc                                            [DEBUG  ]  File ignored by rseqc/read_distribution because it exceeded search pattern filesize limit: 242M_R1.fastp-trim_dedup_stdout.log
[2026-04-03 07:14:55,115] multiqc                                            [DEBUG  ]  File ignored by rseqc/infer_experiment because it exceeded search pattern filesize limit: 242M_R1.fastp-trim_dedup_stdout.log
[2026-04-03 07:14:55,115] multiqc                                            [DEBUG  ]  File ignored by snpeff because it exceeded search pattern filesize limit: 242M_R1.fastp-trim_dedup_stdout.log
[2026-04-03 07:14:55,115] multiqc                                            [DEBUG  ]  File ignored by stacks/sumstats because it exceeded search pattern filesize limit: 242M_R1.fastp-trim_dedup_stdout.log
[2026-04-03 07:14:56,373] multiqc                                            [DEBUG  ]  File ignored by nanostat because it exceeded search pattern filesize limit: 242M_R1.fastp-trim_dedup_stdout.log
[2026-04-03 07:14:56,474] multiqc                                            [DEBUG  ]  File ignored by ccs/v4 because it exceeded search pattern filesize limit: 70M_R1.fastp-trim_dedup_stdout.log
[2026-04-03 07:14:56,475] multiqc                                            [DEBUG  ]  File ignored by hicexplorer because it exceeded search pattern filesize limit: 70M_R1.fastp-trim_dedup_stdout.log
[2026-04-03 07:14:56,475] multiqc                                            [DEBUG  ]  File ignored by lima/summary because it exceeded search pattern filesize limit: 70M_R1.fastp-trim_dedup_stdout.log
[2026-04-03 07:14:56,476] multiqc                                            [DEBUG  ]  File ignored by vep/vep_html because it exceeded search pattern filesize limit: 70M_R1.fastp-trim_dedup_stdout.log
[2026-04-03 07:14:56,476] multiqc                                            [DEBUG  ]  File ignored by vep/vep_txt because it exceeded search pattern filesize limit: 70M_R1.fastp-trim_dedup_stdout.log
[2026-04-03 07:14:56,476] multiqc                                            [DEBUG  ]  File ignored by longranger/invocation because it exceeded search pattern filesize limit: 70M_R1.fastp-trim_dedup_stdout.log
[2026-04-03 07:14:56,476] multiqc                                            [DEBUG  ]  File ignored by rockhopper because it exceeded search pattern filesize limit: 70M_R1.fastp-trim_dedup_stdout.log
[2026-04-03 07:14:56,476] multiqc                                            [DEBUG  ]  File ignored by rseqc/bam_stat because it exceeded search pattern filesize limit: 70M_R1.fastp-trim_dedup_stdout.log
[2026-04-03 07:14:56,476] multiqc                                            [DEBUG  ]  File ignored by rseqc/junction_annotation because it exceeded search pattern filesize limit: 70M_R1.fastp-trim_dedup_stdout.log
[2026-04-03 07:14:56,476] multiqc                                            [DEBUG  ]  File ignored by rseqc/read_distribution because it exceeded search pattern filesize limit: 70M_R1.fastp-trim_dedup_stdout.log
[2026-04-03 07:14:56,476] multiqc                                            [DEBUG  ]  File ignored by rseqc/infer_experiment because it exceeded search pattern filesize limit: 70M_R1.fastp-trim_dedup_stdout.log
[2026-04-03 07:14:56,476] multiqc                                            [DEBUG  ]  File ignored by snpeff because it exceeded search pattern filesize limit: 70M_R1.fastp-trim_dedup_stdout.log
[2026-04-03 07:14:56,476] multiqc                                            [DEBUG  ]  File ignored by stacks/sumstats because it exceeded search pattern filesize limit: 70M_R1.fastp-trim_dedup_stdout.log
[2026-04-03 07:14:57,772] multiqc                                            [DEBUG  ]  File ignored by nanostat because it exceeded search pattern filesize limit: 70M_R1.fastp-trim_dedup_stdout.log
[2026-04-03 07:14:57,840] multiqc                                            [DEBUG  ]  Ignoring file as matched an ignore pattern: 271M_R1.fastp-trim_bismark_bt2_pe_dedup.sorted.bam
[2026-04-03 07:14:57,841] multiqc                                            [DEBUG  ]  Ignoring file as matched an ignore pattern: 106M_R1.fastp-trim_bismark_bt2_pe_dedup.sorted.bam.bai
[2026-04-03 07:14:57,856] multiqc                                            [DEBUG  ]  File ignored by ccs/v4 because it exceeded search pattern filesize limit: 240M_R1.fastp-trim_dedup_stdout.log
[2026-04-03 07:14:57,857] multiqc                                            [DEBUG  ]  File ignored by hicexplorer because it exceeded search pattern filesize limit: 240M_R1.fastp-trim_dedup_stdout.log
[2026-04-03 07:14:57,857] multiqc                                            [DEBUG  ]  File ignored by lima/summary because it exceeded search pattern filesize limit: 240M_R1.fastp-trim_dedup_stdout.log
[2026-04-03 07:14:57,858] multiqc                                            [DEBUG  ]  File ignored by vep/vep_html because it exceeded search pattern filesize limit: 240M_R1.fastp-trim_dedup_stdout.log
[2026-04-03 07:14:57,858] multiqc                                            [DEBUG  ]  File ignored by vep/vep_txt because it exceeded search pattern filesize limit: 240M_R1.fastp-trim_dedup_stdout.log
[2026-04-03 07:14:57,858] multiqc                                            [DEBUG  ]  File ignored by longranger/invocation because it exceeded search pattern filesize limit: 240M_R1.fastp-trim_dedup_stdout.log
[2026-04-03 07:14:57,858] multiqc                                            [DEBUG  ]  File ignored by rockhopper because it exceeded search pattern filesize limit: 240M_R1.fastp-trim_dedup_stdout.log
[2026-04-03 07:14:57,858] multiqc                                            [DEBUG  ]  File ignored by rseqc/bam_stat because it exceeded search pattern filesize limit: 240M_R1.fastp-trim_dedup_stdout.log
[2026-04-03 07:14:57,858] multiqc                                            [DEBUG  ]  File ignored by rseqc/junction_annotation because it exceeded search pattern filesize limit: 240M_R1.fastp-trim_dedup_stdout.log
[2026-04-03 07:14:57,858] multiqc                                            [DEBUG  ]  File ignored by rseqc/read_distribution because it exceeded search pattern filesize limit: 240M_R1.fastp-trim_dedup_stdout.log
[2026-04-03 07:14:57,858] multiqc                                            [DEBUG  ]  File ignored by rseqc/infer_experiment because it exceeded search pattern filesize limit: 240M_R1.fastp-trim_dedup_stdout.log
[2026-04-03 07:14:57,858] multiqc                                            [DEBUG  ]  File ignored by snpeff because it exceeded search pattern filesize limit: 240M_R1.fastp-trim_dedup_stdout.log
[2026-04-03 07:14:57,858] multiqc                                            [DEBUG  ]  File ignored by stacks/sumstats because it exceeded search pattern filesize limit: 240M_R1.fastp-trim_dedup_stdout.log
[2026-04-03 07:14:59,125] multiqc                                            [DEBUG  ]  File ignored by nanostat because it exceeded search pattern filesize limit: 240M_R1.fastp-trim_dedup_stdout.log
[2026-04-03 07:14:59,221] multiqc                                            [DEBUG  ]  File ignored by ccs/v4 because it exceeded search pattern filesize limit: 105M_R1.fastp-trim_dedup_stdout.log
[2026-04-03 07:14:59,223] multiqc                                            [DEBUG  ]  File ignored by hicexplorer because it exceeded search pattern filesize limit: 105M_R1.fastp-trim_dedup_stdout.log
[2026-04-03 07:14:59,223] multiqc                                            [DEBUG  ]  File ignored by lima/summary because it exceeded search pattern filesize limit: 105M_R1.fastp-trim_dedup_stdout.log
[2026-04-03 07:14:59,232] multiqc                                            [DEBUG  ]  File ignored by vep/vep_html because it exceeded search pattern filesize limit: 105M_R1.fastp-trim_dedup_stdout.log
[2026-04-03 07:14:59,232] multiqc                                            [DEBUG  ]  File ignored by vep/vep_txt because it exceeded search pattern filesize limit: 105M_R1.fastp-trim_dedup_stdout.log
[2026-04-03 07:14:59,232] multiqc                                            [DEBUG  ]  File ignored by longranger/invocation because it exceeded search pattern filesize limit: 105M_R1.fastp-trim_dedup_stdout.log
[2026-04-03 07:14:59,232] multiqc                                            [DEBUG  ]  File ignored by rockhopper because it exceeded search pattern filesize limit: 105M_R1.fastp-trim_dedup_stdout.log
[2026-04-03 07:14:59,232] multiqc                                            [DEBUG  ]  File ignored by rseqc/bam_stat because it exceeded search pattern filesize limit: 105M_R1.fastp-trim_dedup_stdout.log
[2026-04-03 07:14:59,232] multiqc                                            [DEBUG  ]  File ignored by rseqc/junction_annotation because it exceeded search pattern filesize limit: 105M_R1.fastp-trim_dedup_stdout.log
[2026-04-03 07:14:59,232] multiqc                                            [DEBUG  ]  File ignored by rseqc/read_distribution because it exceeded search pattern filesize limit: 105M_R1.fastp-trim_dedup_stdout.log
[2026-04-03 07:14:59,232] multiqc                                            [DEBUG  ]  File ignored by rseqc/infer_experiment because it exceeded search pattern filesize limit: 105M_R1.fastp-trim_dedup_stdout.log
[2026-04-03 07:14:59,233] multiqc                                            [DEBUG  ]  File ignored by snpeff because it exceeded search pattern filesize limit: 105M_R1.fastp-trim_dedup_stdout.log
[2026-04-03 07:14:59,233] multiqc                                            [DEBUG  ]  File ignored by stacks/sumstats because it exceeded search pattern filesize limit: 105M_R1.fastp-trim_dedup_stdout.log
[2026-04-03 07:15:00,504] multiqc                                            [DEBUG  ]  File ignored by nanostat because it exceeded search pattern filesize limit: 105M_R1.fastp-trim_dedup_stdout.log
[2026-04-03 07:15:00,571] multiqc                                            [DEBUG  ]  Ignoring file as matched an ignore pattern: 95M_R1.fastp-trim_bismark_bt2_pe.deduplicated.bam
[2026-04-03 07:15:00,572] multiqc                                            [DEBUG  ]  Ignoring file as matched an ignore pattern: 81M_R1.fastp-trim_bismark_bt2_pe_dedup.sorted.bam
[2026-04-03 07:15:00,572] multiqc                                            [DEBUG  ]  Ignoring file as matched an ignore pattern: 70M_R1.fastp-trim_bismark_bt2_pe_dedup.sorted.bam
[2026-04-03 07:15:00,600] multiqc                                            [DEBUG  ]  File ignored by ccs/v4 because it exceeded search pattern filesize limit: 78M_R1.fastp-trim_dedup_stdout.log
[2026-04-03 07:15:00,602] multiqc                                            [DEBUG  ]  File ignored by hicexplorer because it exceeded search pattern filesize limit: 78M_R1.fastp-trim_dedup_stdout.log
[2026-04-03 07:15:00,602] multiqc                                            [DEBUG  ]  File ignored by lima/summary because it exceeded search pattern filesize limit: 78M_R1.fastp-trim_dedup_stdout.log
[2026-04-03 07:15:00,605] multiqc                                            [DEBUG  ]  File ignored by vep/vep_html because it exceeded search pattern filesize limit: 78M_R1.fastp-trim_dedup_stdout.log
[2026-04-03 07:15:00,605] multiqc                                            [DEBUG  ]  File ignored by vep/vep_txt because it exceeded search pattern filesize limit: 78M_R1.fastp-trim_dedup_stdout.log
[2026-04-03 07:15:00,605] multiqc                                            [DEBUG  ]  File ignored by longranger/invocation because it exceeded search pattern filesize limit: 78M_R1.fastp-trim_dedup_stdout.log
[2026-04-03 07:15:00,605] multiqc                                            [DEBUG  ]  File ignored by rockhopper because it exceeded search pattern filesize limit: 78M_R1.fastp-trim_dedup_stdout.log
[2026-04-03 07:15:00,606] multiqc                                            [DEBUG  ]  File ignored by rseqc/bam_stat because it exceeded search pattern filesize limit: 78M_R1.fastp-trim_dedup_stdout.log
[2026-04-03 07:15:00,606] multiqc                                            [DEBUG  ]  File ignored by rseqc/junction_annotation because it exceeded search pattern filesize limit: 78M_R1.fastp-trim_dedup_stdout.log
[2026-04-03 07:15:00,606] multiqc                                            [DEBUG  ]  File ignored by rseqc/read_distribution because it exceeded search pattern filesize limit: 78M_R1.fastp-trim_dedup_stdout.log
[2026-04-03 07:15:00,606] multiqc                                            [DEBUG  ]  File ignored by rseqc/infer_experiment because it exceeded search pattern filesize limit: 78M_R1.fastp-trim_dedup_stdout.log
[2026-04-03 07:15:00,606] multiqc                                            [DEBUG  ]  File ignored by snpeff because it exceeded search pattern filesize limit: 78M_R1.fastp-trim_dedup_stdout.log
[2026-04-03 07:15:00,606] multiqc                                            [DEBUG  ]  File ignored by stacks/sumstats because it exceeded search pattern filesize limit: 78M_R1.fastp-trim_dedup_stdout.log
[2026-04-03 07:15:01,880] multiqc                                            [DEBUG  ]  File ignored by nanostat because it exceeded search pattern filesize limit: 78M_R1.fastp-trim_dedup_stdout.log
[2026-04-03 07:15:01,947] multiqc                                            [DEBUG  ]  Ignoring file as matched an ignore pattern: 70M_R1.fastp-trim_bismark_bt2_pe.deduplicated.bam
[2026-04-03 07:15:01,947] multiqc                                            [DEBUG  ]  Ignoring file as matched an ignore pattern: 80M_R1.fastp-trim_bismark_bt2_pe_dedup.sorted.bam
[2026-04-03 07:15:01,968] multiqc                                            [DEBUG  ]  File ignored by ccs/v4 because it exceeded search pattern filesize limit: 81M_R1.fastp-trim_dedup_stdout.log
[2026-04-03 07:15:01,970] multiqc                                            [DEBUG  ]  File ignored by hicexplorer because it exceeded search pattern filesize limit: 81M_R1.fastp-trim_dedup_stdout.log
[2026-04-03 07:15:01,970] multiqc                                            [DEBUG  ]  File ignored by lima/summary because it exceeded search pattern filesize limit: 81M_R1.fastp-trim_dedup_stdout.log
[2026-04-03 07:15:01,973] multiqc                                            [DEBUG  ]  File ignored by vep/vep_html because it exceeded search pattern filesize limit: 81M_R1.fastp-trim_dedup_stdout.log
[2026-04-03 07:15:01,973] multiqc                                            [DEBUG  ]  File ignored by vep/vep_txt because it exceeded search pattern filesize limit: 81M_R1.fastp-trim_dedup_stdout.log
[2026-04-03 07:15:01,973] multiqc                                            [DEBUG  ]  File ignored by longranger/invocation because it exceeded search pattern filesize limit: 81M_R1.fastp-trim_dedup_stdout.log
[2026-04-03 07:15:01,974] multiqc                                            [DEBUG  ]  File ignored by rockhopper because it exceeded search pattern filesize limit: 81M_R1.fastp-trim_dedup_stdout.log
[2026-04-03 07:15:01,974] multiqc                                            [DEBUG  ]  File ignored by rseqc/bam_stat because it exceeded search pattern filesize limit: 81M_R1.fastp-trim_dedup_stdout.log
[2026-04-03 07:15:01,974] multiqc                                            [DEBUG  ]  File ignored by rseqc/junction_annotation because it exceeded search pattern filesize limit: 81M_R1.fastp-trim_dedup_stdout.log
[2026-04-03 07:15:01,974] multiqc                                            [DEBUG  ]  File ignored by rseqc/read_distribution because it exceeded search pattern filesize limit: 81M_R1.fastp-trim_dedup_stdout.log
[2026-04-03 07:15:01,974] multiqc                                            [DEBUG  ]  File ignored by rseqc/infer_experiment because it exceeded search pattern filesize limit: 81M_R1.fastp-trim_dedup_stdout.log
[2026-04-03 07:15:01,974] multiqc                                            [DEBUG  ]  File ignored by snpeff because it exceeded search pattern filesize limit: 81M_R1.fastp-trim_dedup_stdout.log
[2026-04-03 07:15:01,974] multiqc                                            [DEBUG  ]  File ignored by stacks/sumstats because it exceeded search pattern filesize limit: 81M_R1.fastp-trim_dedup_stdout.log
[2026-04-03 07:15:03,247] multiqc                                            [DEBUG  ]  File ignored by nanostat because it exceeded search pattern filesize limit: 81M_R1.fastp-trim_dedup_stdout.log
[2026-04-03 07:15:03,317] multiqc                                            [DEBUG  ]  Ignoring file as matched an ignore pattern: 94M_R1.fastp-trim_bismark_bt2_pe.deduplicated.bam
[2026-04-03 07:15:03,322] multiqc                                            [DEBUG  ]  Ignoring file as matched an ignore pattern: 242M_R1.fastp-trim_bismark_bt2_pe_dedup.sorted.bam
[2026-04-03 07:15:03,322] multiqc                                            [DEBUG  ]  Ignoring file as matched an ignore pattern: 105M_R1.fastp-trim_bismark_bt2_pe.deduplicated.bam
[2026-04-03 07:15:03,322] multiqc                                            [DEBUG  ]  Ignoring file as matched an ignore pattern: 94M_R1.fastp-trim_bismark_bt2_pe_dedup.sorted.bam
[2026-04-03 07:15:05,155] multiqc.plots.linegraph                            [DEBUG  ]  Using matplotlib version 3.10.8
[2026-04-03 07:15:05,156] multiqc.plots.bargraph                             [DEBUG  ]  Using matplotlib version 3.10.8
[2026-04-03 07:15:05,405] multiqc.modules.bismark.bismark                    [INFO   ]  Found 24 dedup reports
[2026-04-03 07:15:05,426] multiqc                                            [INFO   ]  Compressing plot data
[2026-04-03 07:15:05,431] multiqc                                            [INFO   ]  Report      : multiqc_report.html
[2026-04-03 07:15:05,431] multiqc                                            [INFO   ]  Data        : multiqc_data
[2026-04-03 07:15:05,431] multiqc                                            [DEBUG  ]  Moving data file from '/tmp/tmp8i_dq18h/multiqc_data' to '/home/shared/8TB_HDD_02/cnmntgna/wdfw_mussel_methylation/code/multiqc_data'
[2026-04-03 07:15:05,637] multiqc                                            [INFO   ]  MultiQC complete
